^
^
[[0], [0]]
[[0, 0]]
v
^
[]
[]
v
^
Case #1: 1
>v
^<
[[1, 1], [1, 1]]
[]
>v
^<
[]
[]
>v
^<
Case #2: 0
...
.^.
...
[[0, 0, 0], [0, 0, 0], [0, 0, 0]]
[[1, 1]]
...
.^.
...
[[1, 1]]
[[1, 1]]
...
.^.
...
Case #3: IMPOSSIBLE
.
[[0]]
[]
.
[]
[]
.
Case #4: 0
.>>>
>...
>...
.>>>
[[0, 0, 0, 0], [0, 0, 0, 0], [0, 0, 0, 0], [0, 0, 0, 0]]
[[0, 3], [1, 0], [2, 0], [3, 3]]
.>><
>...
>...
.>><
[[1, 0], [2, 0]]
[[1, 0], [2, 0]]
.>><
M...
M...
.>><
Case #5: 4
.>>.
^..v
^..v
.<<.
[[0, 0, 0, 0], [0, 0, 0, 0], [0, 0, 0, 0], [0, 0, 0, 0]]
[[0, 2], [1, 0], [2, 3], [3, 1]]
.><.
v..v
^..^
.><.
[]
[]
.><.
v..v
^..^
.><.
Case #6: 4
>>>.
^..v
^..v
^<<.
[[0, 0, 0, 0], [0, 0, 0, 0], [0, 0, 0, 0], [0, 0, 0, 0]]
[[0, 2], [2, 3]]
>><.
^..v
^..^
^<<.
[]
[]
>><.
^..v
^..^
^<<.
Case #7: 2
>>>v
^<<<
^...
^<<<
[[1, 1, 1, 1], [1, 1, 1, 1], [1, 0, 0, 0], [1, 1, 1, 1]]
[]
>>>v
^<<<
^...
^<<<
[]
[]
>>>v
^<<<
^...
^<<<
Case #8: 0
>>v<
..v.
..v.
^<<.
[[1, 1, 1, 1], [0, 0, 1, 0], [0, 0, 1, 0], [1, 1, 1, 0]]
[]
>>v<
..v.
..v.
^<<.
[]
[]
>>v<
..v.
..v.
^<<.
Case #9: 0
.^^.
^..^
^^^^
^..^
[[0, 0, 0, 0], [0, 0, 0, 0], [0, 0, 0, 0], [0, 0, 0, 0]]
[[0, 1], [0, 2], [1, 0], [1, 3]]
.vv.
v..v
^^^^
^..^
[]
[]
.vv.
v..v
^^^^
^..^
Case #10: 4
^..^
<^^>
<..>
v..v
[[0, 0, 0, 0], [0, 0, 0, 0], [0, 0, 0, 0], [0, 0, 0, 0]]
[[0, 0],
 [0, 3],
 [1, 0],
 [1, 1],
 [1, 2],
 [1, 3],
 [2, 0],
 [2, 3],
 [3, 0],
 [3, 3]]
^..^
<^^>
<..>
v..v
[[0, 0],
 [0, 3],
 [1, 0],
 [1, 1],
 [1, 2],
 [1, 3],
 [2, 0],
 [2, 3],
 [3, 0],
 [3, 3]]
[[0, 0],
 [0, 3],
 [1, 0],
 [1, 1],
 [1, 2],
 [1, 3],
 [2, 0],
 [2, 3],
 [3, 0],
 [3, 3]]
M..M
MMMM
M..M
M..M
Case #11: 10
^v
v>
<v
>>
[[0, 0], [0, 0], [0, 0], [0, 0]]
[[0, 0], [1, 1], [2, 0], [3, 1]]
^v
v^
^v
><
[[0, 0]]
[[0, 0]]
MM
v^
^v
><
Case #12: 5
.v..
...<
>...
..^.
[[0, 0, 0, 0], [0, 0, 0, 0], [0, 0, 0, 0], [0, 0, 0, 0]]
[[0, 1], [1, 3], [2, 0], [3, 2]]
.v..
...<
>...
..^.
[[0, 1], [1, 3], [2, 0], [3, 2]]
[[0, 1], [1, 3], [2, 0], [3, 2]]
.v..
...<
>...
..^.
Case #13: IMPOSSIBLE
v<><
^>^v
<>vv
^v<>
[[1, 1, 1, 1], [1, 1, 1, 0], [0, 0, 0, 0], [0, 0, 0, 0]]
[[2, 0], [3, 1], [3, 3]]
v<><
^>^v
v>vv
^><^
[]
[]
v<><
^>^v
v>vv
^><^
Case #14: 3
v
[[0]]
[[0, 0]]
v
[[0, 0]]
[[0, 0]]
v
Case #15: IMPOSSIBLE
<.>
<.>
<.>
[[0, 0, 0], [0, 0, 0], [0, 0, 0]]
[[0, 0], [0, 2], [1, 0], [1, 2], [2, 0], [2, 2]]
<.>
<.>
<.>
[[0, 0], [0, 2], [1, 0], [1, 2], [2, 0], [2, 2]]
[[0, 0], [0, 2], [1, 0], [1, 2], [2, 0], [2, 2]]
M.M
M.M
M.M
Case #16: 6
v<<<
^v>v
>^<>
^vvv
[[1, 1, 1, 1], [1, 1, 0, 0], [1, 1, 1, 0], [1, 0, 0, 0]]
[[2, 3], [3, 1], [3, 2], [3, 3]]
v<<<
^v>v
>^<<
^<^v
[[3, 3]]
[[3, 3]]
v<<<
^v>v
>^<<
^<MM
Case #17: 5
^^>^
<v>>
v<>>
>v<<
[[0, 0, 0, 0], [0, 0, 0, 0], [0, 0, 0, 0], [0, 0, 0, 0]]
[[0, 0], [0, 1], [0, 3], [1, 0], [1, 3], [2, 3], [3, 1]]
^^><
<v><
v<><
>><<
[[0, 0], [0, 1], [1, 0]]
[[0, 0], [0, 1], [1, 0]]
MM><
MM><
v<><
>><<
Case #18: 8
>>>>
<<<<
[[0, 0, 0, 0], [0, 0, 0, 0]]
[[0, 3], [1, 0]]
>>><
><<<
[]
[]
>>><
><<<
Case #19: 2
.
^
[[0], [0]]
[[1, 0]]
.
^
[[1, 0]]
[[1, 0]]
.
^
Case #20: IMPOSSIBLE
><^>
^<^^
^<v^
<v<^
[[1, 1, 0, 0], [1, 1, 0, 0], [1, 1, 0, 0], [0, 0, 0, 0]]
[[0, 2], [0, 3], [3, 0], [3, 1]]
><<v
^<^^
^<v^
^><^
[]
[]
><<v
^<^^
^<v^
^><^
Case #21: 4
^v^v
[[0, 0, 0, 0]]
[[0, 0], [0, 1], [0, 2], [0, 3]]
^v^v
[[0, 0], [0, 1], [0, 2], [0, 3]]
[[0, 0], [0, 1], [0, 2], [0, 3]]
MMMM
Case #22: 4
^>v
^v.
.>>
v>>
[[0, 0, 0], [0, 0, 0], [0, 0, 0], [0, 0, 0]]
[[0, 0], [2, 2], [3, 0], [3, 2]]
v>v
^v.
.><
v><
[[3, 0]]
[[3, 0]]
v>v
^v.
.><
MM<
Case #23: 5
>v^^
>^v>
<^>>
>.^>
[[1, 1, 0, 0], [1, 1, 0, 0], [0, 1, 0, 0], [0, 0, 0, 0]]
[[0, 2], [0, 3], [1, 3], [2, 0], [2, 3], [3, 3]]
>v<^
>^v>
>^><
>.^>
[[0, 3], [1, 3], [3, 3]]
[[0, 3], [1, 3], [3, 3]]
>vMM
>^MM
>^><
>.MM
Case #24: 9
<>>>
<vv^
>^<v
<<>^
[[0, 0, 0, 0], [0, 1, 1, 0], [1, 1, 1, 1], [0, 0, 1, 1]]
[[0, 0], [0, 3], [1, 0], [3, 0]]
<>><
>vv^
>^<v
><>^
[[0, 0]]
[[0, 0]]
MM><
>vv^
>^<v
><>^
Case #25: 5
>v<<
><<^
^<^v
>>^<
[[1, 1, 1, 1], [1, 1, 1, 1], [1, 1, 1, 1], [1, 1, 1, 1]]
[]
>v<<
><<^
^<^v
>>^<
[]
[]
>v<<
><<^
^<^v
>>^<
Case #26: 0
...^
.^>v
^<.>
[[0, 0, 0, 0], [0, 0, 0, 0], [0, 0, 0, 0]]
[[0, 3], [1, 1], [2, 0], [2, 3]]
...^
.^>v
><.^
[[0, 3], [1, 1]]
[[0, 3], [1, 1]]
...M
.MMM
><.^
Case #27: 6
..
..
..
[[0, 0], [0, 0], [0, 0]]
[]
..
..
..
[]
[]
..
..
..
Case #28: 0
^>>^
>>^<
^>><
v^<v
[[0, 0, 0, 0], [0, 0, 0, 0], [0, 1, 1, 1], [0, 1, 1, 0]]
[[0, 0], [0, 3], [3, 0], [3, 3]]
^>><
>>^<
^>><
>^<<
[[0, 0]]
[[0, 0]]
MM><
>>^<
^>><
>^<<
Case #29: 5
....
.^>.
.<v.
....
[[0, 0, 0, 0], [0, 0, 0, 0], [0, 0, 0, 0], [0, 0, 0, 0]]
[[1, 1], [1, 2], [2, 1], [2, 2]]
....
.^>.
.<v.
....
[[1, 1], [1, 2], [2, 1], [2, 2]]
[[1, 1], [1, 2], [2, 1], [2, 2]]
....
.MM.
.MM.
....
Case #30: 4
>.<
...
<.>
[[1, 0, 1], [0, 0, 0], [0, 0, 0]]
[[2, 0], [2, 2]]
>.<
...
^.^
[]
[]
>.<
...
^.^
Case #31: 2
v^
>.
<v
[[0, 0], [0, 0], [0, 0]]
[[0, 1], [1, 0], [2, 0], [2, 1]]
v^
^.
<v
[[0, 1], [2, 0], [2, 1]]
[[0, 1], [2, 0], [2, 1]]
MM
^.
MM
Case #32: 5
v<v>
<^>>
><^>
<>v<
[[0, 0, 0, 0], [0, 0, 0, 0], [1, 1, 0, 0], [0, 0, 0, 0]]
[[0, 3], [1, 0], [1, 3], [2, 3], [3, 0], [3, 2]]
v<v>
v^><
><^>
^>><
[[0, 3], [2, 3]]
[[0, 3], [2, 3]]
v<MM
v^><
><MM
^>><
Case #33: 8
^<<>
>v>^
vv>v
^>^^
[[0, 0, 0, 0], [1, 1, 0, 0], [1, 1, 1, 1], [1, 1, 1, 1]]
[[0, 0], [0, 3]]
><<v
>v>^
vv>v
^>^^
[]
[]
><<v
>v>^
vv>v
^>^^
Case #34: 2
>
[[0]]
[[0, 0]]
>
[[0, 0]]
[[0, 0]]
>
Case #35: IMPOSSIBLE
>..<
.><.
.<>.
<..>
[[1, 0, 0, 1], [0, 1, 1, 0], [0, 0, 0, 0], [0, 0, 0, 0]]
[[2, 1], [2, 2], [3, 0], [3, 3]]
>..<
.><.
.^^.
^..^
[]
[]
>..<
.><.
.^^.
^..^
Case #36: 4
>vv<
^vv^
^vv^
^<>^
[[1, 1, 1, 1], [1, 1, 1, 1], [1, 1, 1, 1], [1, 1, 1, 1]]
[]
>vv<
^vv^
^vv^
^<>^
[]
[]
>vv<
^vv^
^vv^
^<>^
Case #37: 0
>
^
<
[[0], [0], [0]]
[[0, 0], [2, 0]]
v
^
<
[[2, 0]]
[[2, 0]]
v
M
M
Case #38: 3
.<.v
v<v.
[[0, 0, 0, 0], [0, 0, 0, 0]]
[[0, 1], [0, 3], [1, 0], [1, 2]]
.<.v
><v.
[[0, 1], [0, 3], [1, 2]]
[[0, 1], [0, 3], [1, 2]]
.M.M
>MM.
Case #39: 5
^<>>
<<v<
><.>
[[0, 0, 0, 0], [0, 0, 0, 0], [1, 1, 0, 0]]
[[0, 0], [0, 3], [1, 0], [1, 2], [2, 3]]
><><
><><
><.<
[]
[]
><><
><><
><.<
Case #40: 5
v>.v
^.v^
^<v^
[[1, 1, 0, 1], [1, 0, 0, 1], [1, 1, 0, 1]]
[[2, 2]]
v>.v
^.v^
^<>^
[]
[]
v>.v
^.v^
^<>^
Case #41: 1
>><>
^^v^
v>^^
<v^>
[[1, 1, 1, 0], [1, 1, 1, 0], [0, 1, 1, 0], [0, 0, 1, 0]]
[[0, 3], [3, 0], [3, 1], [3, 3]]
>><<
^^v^
v>^^
^>^<
[]
[]
>><<
^^v^
v>^^
^>^<
Case #42: 4
<<v>
><^^
>>vv
>^v<
[[0, 0, 1, 0], [1, 1, 1, 0], [0, 0, 0, 0], [0, 0, 0, 0]]
[[0, 0], [0, 3], [3, 2]]
><v<
><^^
>>vv
>^><
[]
[]
><v<
><^^
>>vv
>^><
Case #43: 3
<^
<>
[[0, 0], [0, 0]]
[[0, 0], [0, 1], [1, 0], [1, 1]]
<^
<>
[[0, 0], [0, 1], [1, 0], [1, 1]]
[[0, 0], [0, 1], [1, 0], [1, 1]]
MM
MM
Case #44: 4
^
>
^
[[0], [0], [0]]
[[0, 0], [1, 0]]
^
v
^
[[0, 0]]
[[0, 0]]
M
M
^
Case #45: 3
>.vv
.>..
.^<.
^..<
[[0, 0, 0, 0], [0, 0, 0, 0], [0, 0, 0, 0], [0, 0, 0, 0]]
[[1, 1]]
>.vv
.v..
.^<.
^..<
[]
[]
>.vv
.v..
.^<.
^..<
Case #46: 1
^
[[0]]
[[0, 0]]
^
[[0, 0]]
[[0, 0]]
^
Case #47: IMPOSSIBLE
v.>
<vv
^v^
^^<
[[0, 0, 0], [0, 1, 1], [0, 1, 1], [0, 1, 1]]
[[0, 2], [1, 0]]
v.v
>vv
^v^
^^<
[]
[]
v.v
>vv
^v^
^^<
Case #48: 2
>^.>
.><>
^.v.
[[0, 0, 0, 0], [0, 1, 1, 0], [0, 0, 0, 0]]
[[0, 1], [0, 3], [1, 3], [2, 2]]
><.>
.><<
^.^.
[[0, 3]]
[[0, 3]]
>M.M
.><<
^.^.
Case #49: 5
...>
[[0, 0, 0, 0]]
[[0, 3]]
...>
[[0, 3]]
[[0, 3]]
...>
Case #50: IMPOSSIBLE
>vv<
^<>^
v<>v
>^^<
[[1, 1, 1, 1], [1, 1, 1, 1], [1, 1, 1, 1], [1, 1, 1, 1]]
[]
>vv<
^<>^
v<>v
>^^<
[]
[]
>vv<
^<>^
v<>v
>^^<
Case #51: 0
vv><
<vvv
v^><
v^vv
[[0, 1, 1, 1], [0, 1, 1, 1], [0, 1, 1, 1], [0, 1, 0, 0]]
[[1, 0], [3, 0], [3, 2], [3, 3]]
vv><
>vvv
v^><
>^<^
[]
[]
vv><
>vvv
v^><
>^<^
Case #52: 4
^v<>
^^>>
<^<>
^><v
[[0, 1, 1, 0], [0, 1, 0, 0], [0, 1, 1, 0], [0, 1, 1, 0]]
[[0, 0], [0, 3], [1, 3], [2, 0], [2, 3], [3, 3]]
>v<<
^^><
>^<<
^><<
[]
[]
>v<<
^^><
>^<<
^><<
Case #53: 6
....
....
....
....
[[0, 0, 0, 0], [0, 0, 0, 0], [0, 0, 0, 0], [0, 0, 0, 0]]
[]
....
....
....
....
[]
[]
....
....
....
....
Case #54: 0
..v^
v^^<
[[0, 0, 1, 0], [0, 0, 1, 1]]
[[0, 3], [1, 0], [1, 1]]
..v<
v>^<
[[1, 0]]
[[1, 0]]
..v<
MM^<
Case #55: 4
^>^>
^v^v
v^v>
<<v<
[[0, 0, 0, 0], [0, 1, 0, 0], [0, 1, 0, 0], [0, 0, 0, 0]]
[[0, 0], [0, 2], [0, 3], [2, 3], [3, 0], [3, 2]]
v><>
^v^v
v^v^
><><
[[0, 3]]
[[0, 3]]
v>MM
^v^v
v^v^
><><
Case #56: 7
....
....
....
...>
[[0, 0, 0, 0], [0, 0, 0, 0], [0, 0, 0, 0], [0, 0, 0, 0]]
[[3, 3]]
....
....
....
...>
[[3, 3]]
[[3, 3]]
....
....
....
...>
Case #57: IMPOSSIBLE
.vv.
vvvv
.vv.
v..v
[[0, 0, 0, 0], [0, 0, 0, 0], [0, 0, 0, 0], [0, 0, 0, 0]]
[[2, 1], [2, 2], [3, 0], [3, 3]]
.vv.
vvvv
.^^.
^..^
[]
[]
.vv.
vvvv
.^^.
^..^
Case #58: 4
^v>>
[[0, 0, 0, 0]]
[[0, 0], [0, 1], [0, 3]]
^v><
[[0, 0], [0, 1]]
[[0, 0], [0, 1]]
MM><
Case #59: 3
<v.
[[0, 0, 0]]
[[0, 0], [0, 1]]
<v.
[[0, 0], [0, 1]]
[[0, 0], [0, 1]]
MM.
Case #60: 2
<<<^
v^>>
>^<^
>>^>
[[0, 0, 0, 0], [0, 0, 0, 0], [0, 0, 0, 0], [0, 0, 0, 0]]
[[0, 0], [0, 3], [1, 3], [3, 3]]
><<^
v^><
>^<^
>>^>
[[0, 3], [3, 3]]
[[0, 3], [3, 3]]
><MM
v^><
>^<^
>>MM
Case #61: 6
.v^
>^<
<>>
[[0, 1, 0], [1, 1, 1], [0, 0, 0]]
[[0, 2], [2, 0], [2, 2]]
.v<
>^<
^><
[]
[]
.v<
>^<
^><
Case #62: 3
.^
v.
v<
[[0, 0], [0, 0], [0, 0]]
[[0, 1], [2, 0]]
.^
v.
><
[[0, 1]]
[[0, 1]]
.M
v.
>M
Case #63: 3
..<.
[[0, 0, 0, 0]]
[[0, 2]]
..<.
[[0, 2]]
[[0, 2]]
..<.
Case #64: IMPOSSIBLE
<>^^
<v^<
>v>^
<>v<
[[0, 0, 0, 0], [0, 0, 0, 0], [0, 0, 0, 0], [0, 0, 0, 0]]
[[0, 0], [0, 2], [0, 3], [1, 0], [3, 0], [3, 2]]
<><^
<v^<
>v>^
<>><
[[0, 0], [0, 3], [1, 0], [3, 0]]
[[0, 0], [0, 3], [1, 0], [3, 0]]
MMMM
MM^<
>v>^
MM><
Case #65: 10
>
<
.
^
[[0], [0], [0], [0]]
[[0, 0], [1, 0]]
>
v
.
^
[[0, 0]]
[[0, 0]]
M
M
.
^
Case #66: 3
^>v
.<<
^^.
[[0, 0, 0], [0, 0, 0], [0, 0, 0]]
[[0, 0], [1, 1]]
v>v
.><
^^.
[]
[]
v>v
.><
^^.
Case #67: 2
<^
v>
[[0, 0], [0, 0]]
[[0, 0], [0, 1], [1, 0], [1, 1]]
<^
v>
[[0, 0], [0, 1], [1, 0], [1, 1]]
[[0, 0], [0, 1], [1, 0], [1, 1]]
MM
MM
Case #68: 4
vvvv
vvvv
vvvv
vvvv
[[0, 0, 0, 0], [0, 0, 0, 0], [0, 0, 0, 0], [0, 0, 0, 0]]
[[3, 0], [3, 1], [3, 2], [3, 3]]
vvvv
vvvv
vvvv
^^^^
[]
[]
vvvv
vvvv
vvvv
^^^^
Case #69: 4
^<<^
>>vv
>v^v
^<v<
[[0, 0, 0, 0], [1, 1, 1, 0], [1, 1, 1, 0], [1, 1, 0, 0]]
[[0, 0], [0, 3], [3, 2]]
><<^
>>vv
>v^v
^<><
[[0, 3]]
[[0, 3]]
><MM
>>vv
>v^v
^<><
Case #70: 4
^^
<<
>>
vv
[[0, 0], [0, 0], [0, 0], [0, 0]]
[[0, 0], [0, 1], [1, 0], [2, 1], [3, 0], [3, 1]]
^^
><
><
vv
[[0, 0], [0, 1], [3, 0], [3, 1]]
[[0, 0], [0, 1], [3, 0], [3, 1]]
MM
><
><
MM
Case #71: 6
><<>
><<>
>vv>
vv^>
[[1, 1, 1, 0], [1, 1, 1, 0], [0, 0, 1, 0], [0, 0, 1, 0]]
[[0, 3], [1, 3], [2, 3], [3, 0], [3, 1], [3, 3]]
><<<
><<<
>vv<
v>^<
[[3, 0]]
[[3, 0]]
><<<
><<<
>vv<
MM^<
Case #72: 7
.v.
>.<
.^.
[[0, 1, 0], [1, 0, 1], [0, 1, 0]]
[]
.v.
>.<
.^.
[]
[]
.v.
>.<
.^.
Case #73: 0
<>>v
^><<
<>>v
<><<
[[0, 1, 1, 1], [0, 1, 1, 1], [0, 1, 1, 1], [0, 1, 1, 1]]
[[0, 0], [2, 0], [3, 0]]
>>>v
^><<
>>>v
>><<
[]
[]
>>>v
^><<
>>>v
>><<
Case #74: 3
<
>
<
>
[[0], [0], [0], [0]]
[[0, 0], [1, 0], [2, 0], [3, 0]]
<
>
<
>
[[0, 0], [1, 0], [2, 0], [3, 0]]
[[0, 0], [1, 0], [2, 0], [3, 0]]
M
M
M
M
Case #75: 4
^v>^
vvvv
>^^>
^>>v
[[0, 1, 0, 0], [1, 1, 1, 0], [1, 1, 1, 0], [1, 0, 0, 0]]
[[0, 0], [0, 3], [2, 3], [3, 3]]
>v><
vvvv
>^^<
^>><
[]
[]
>v><
vvvv
>^^<
^>><
Case #76: 4
>v^v
<<v^
^>v^
<vv>
[[0, 0, 0, 1], [0, 0, 0, 1], [0, 0, 0, 1], [0, 0, 0, 0]]
[[0, 2], [1, 0], [3, 0], [3, 1], [3, 2], [3, 3]]
>v>v
><v^
^>v^
<v^^
[[3, 0], [3, 1]]
[[3, 0], [3, 1]]
>v>v
><v^
^>v^
MM^^
Case #77: 6
.>
vv
[[0, 0], [0, 0]]
[[0, 1], [1, 0], [1, 1]]
.>
vv
[[0, 1], [1, 0], [1, 1]]
[[0, 1], [1, 0], [1, 1]]
.M
MM
Case #78: 4
<>^>
^^<v
<>^^
>^v<
[[0, 0, 0, 0], [0, 0, 0, 1], [0, 0, 0, 1], [0, 0, 0, 0]]
[[0, 0], [0, 2], [0, 3], [2, 0], [3, 2]]
v><v
^^<v
<>^^
>^><
[[2, 0]]
[[2, 0]]
v><v
^^<v
MM^^
>^><
Case #79: 6
^<<<
>>>^
^<<<
>>>^
[[0, 0, 0, 0], [0, 0, 0, 0], [0, 0, 0, 0], [0, 0, 0, 0]]
[[0, 0]]
><<<
>>>^
^<<<
>>>^
[]
[]
><<<
>>>^
^<<<
>>>^
Case #80: 1
<.v>
[[0, 0, 0, 0]]
[[0, 0], [0, 2], [0, 3]]
<.v>
[[0, 0], [0, 2], [0, 3]]
[[0, 0], [0, 2], [0, 3]]
M.MM
Case #81: 4
<..>
[[0, 0, 0, 0]]
[[0, 0], [0, 3]]
<..>
[[0, 0], [0, 3]]
[[0, 0], [0, 3]]
M..M
Case #82: 2
>v>v
^>^v
^v<v
^<^<
[[1, 1, 1, 1], [1, 1, 1, 1], [1, 1, 1, 1], [1, 1, 1, 1]]
[]
>v>v
^>^v
^v<v
^<^<
[]
[]
>v>v
^>^v
^v<v
^<^<
Case #83: 0
>>>v
^v<v
^>^v
^<<<
[[1, 1, 1, 1], [1, 1, 1, 1], [1, 1, 1, 1], [1, 1, 1, 1]]
[]
>>>v
^v<v
^>^v
^<<<
[]
[]
>>>v
^v<v
^>^v
^<<<
Case #84: 0
.>
[[0, 0]]
[[0, 1]]
.>
[[0, 1]]
[[0, 1]]
.>
Case #85: IMPOSSIBLE
<
[[0]]
[[0, 0]]
<
[[0, 0]]
[[0, 0]]
<
Case #86: IMPOSSIBLE
.^.
<.>
.v.
[[0, 0, 0], [0, 0, 0], [0, 0, 0]]
[[0, 1], [1, 0], [1, 2], [2, 1]]
.^.
<.>
.v.
[[0, 1], [1, 0], [1, 2], [2, 1]]
[[0, 1], [1, 0], [1, 2], [2, 1]]
.M.
M.M
.M.
Case #87: 4
.^
.>
[[0, 0], [0, 0]]
[[0, 1], [1, 1]]
.^
.>
[[0, 1], [1, 1]]
[[0, 1], [1, 1]]
.M
.M
Case #88: 2
^vv^
>..<
>..<
v^^v
[[0, 1, 1, 0], [1, 0, 0, 1], [1, 0, 0, 1], [0, 1, 1, 0]]
[[0, 0], [0, 3], [3, 0], [3, 3]]
>vv<
>..<
>..<
>^^<
[]
[]
>vv<
>..<
>..<
>^^<
Case #89: 4
>v>v
>^^>
<>v>
v^<>
[[1, 1, 0, 0], [1, 1, 0, 0], [0, 1, 1, 0], [0, 1, 1, 0]]
[[1, 3], [2, 0], [2, 3], [3, 0], [3, 3]]
>v>v
>^^^
>>v<
>^<<
[]
[]
>v>v
>^^^
>>v<
>^<<
Case #90: 5
<..<
[[0, 0, 0, 0]]
[[0, 0]]
>..<
[]
[]
>..<
Case #91: 1
^^^^
<^>>
<<v>
vvvv
[[0, 0, 0, 0], [0, 0, 0, 0], [0, 0, 0, 0], [0, 0, 0, 0]]
[[0, 0],
 [0, 1],
 [0, 2],
 [0, 3],
 [1, 0],
 [1, 3],
 [2, 0],
 [2, 3],
 [3, 0],
 [3, 1],
 [3, 2],
 [3, 3]]
^v^^
<^><
><v>
vv^v
[[0, 0], [0, 2], [0, 3], [1, 0], [2, 3], [3, 0], [3, 1], [3, 3]]
[[0, 0], [0, 2], [0, 3], [1, 0], [2, 3], [3, 0], [3, 1], [3, 3]]
MMMM
MM><
><MM
MMMM
Case #92: 16
^vvv
>>^^
v^^^
<>><
[[0, 1, 1, 1], [1, 1, 1, 1], [0, 1, 1, 1], [0, 1, 1, 1]]
[[0, 0], [3, 0]]
>vvv
>>^^
v^^^
>>><
[]
[]
>vvv
>>^^
v^^^
>>><
Case #93: 2
^>
<<
[[0, 0], [0, 0]]
[[0, 0], [0, 1], [1, 0]]
^>
><
[[0, 0], [0, 1]]
[[0, 0], [0, 1]]
MM
><
Case #94: 3
^
.
[[0], [0]]
[[0, 0]]
^
.
[[0, 0]]
[[0, 0]]
^
.
Case #95: IMPOSSIBLE
..v
^..
>^v
><v
[[0, 0, 0], [0, 0, 0], [0, 0, 0], [1, 1, 0]]
[[1, 0], [2, 1], [3, 2]]
..v
^..
><v
><<
[[1, 0]]
[[1, 0]]
..v
M..
M<v
><<
Case #96: 4
v^.<
^>v.
^.><
[[1, 0, 0, 0], [1, 1, 1, 0], [1, 0, 1, 1]]
[[0, 1]]
v>.<
^>v.
^.><
[]
[]
v>.<
^>v.
^.><
Case #97: 1
.>v
[[0, 0, 0]]
[[0, 2]]
.><
[]
[]
.><
Case #98: 1
.<
>.
[[0, 0], [0, 0]]
[[0, 1], [1, 0]]
.<
>.
[[0, 1], [1, 0]]
[[0, 1], [1, 0]]
.<
>.
Case #99: IMPOSSIBLE
^<>v
<<<^
<v^<
>^^v
[[0, 0, 1, 1], [0, 0, 0, 1], [0, 1, 0, 0], [1, 1, 0, 0]]
[[0, 0], [1, 0], [2, 0], [3, 3]]
><>v
><<^
>v^<
>^^v
[[3, 3]]
[[3, 3]]
><>v
><<^
>v^<
>^MM
Case #100: 5
